c:\projects\ait.materials\basic_game_engine_programming\projects\tutorial_2\game\x64\debug\vc142.pdb
c:\projects\ait.materials\basic_game_engine_programming\projects\tutorial_2\game\x64\debug\vc142.idb
c:\projects\ait.materials\basic_game_engine_programming\projects\tutorial_2\game\x64\debug\texture.obj
c:\projects\ait.materials\basic_game_engine_programming\projects\tutorial_2\game\x64\debug\main.obj
c:\projects\ait.materials\basic_game_engine_programming\projects\tutorial_2\game\x64\debug\engine.obj
c:\projects\ait.materials\basic_game_engine_programming\projects\tutorial_2\game\x64\debug\assets.obj
c:\projects\ait.materials\basic_game_engine_programming\projects\tutorial_2\game\x64\debug\animated_texture.obj
c:\projects\ait.materials\basic_game_engine_programming\projects\tutorial_3\game\x64\debug\vc142.pdb
c:\projects\ait.materials\basic_game_engine_programming\projects\tutorial_3\game\x64\debug\vc142.idb
c:\projects\ait.materials\basic_game_engine_programming\projects\tutorial_3\game\x64\debug\texture.obj
c:\projects\ait.materials\basic_game_engine_programming\projects\tutorial_3\game\x64\debug\main.obj
c:\projects\ait.materials\basic_game_engine_programming\projects\tutorial_3\game\x64\debug\engine.obj
c:\projects\ait.materials\basic_game_engine_programming\projects\tutorial_3\game\x64\debug\assets.obj
c:\projects\ait.materials\basic_game_engine_programming\projects\tutorial_3\game\x64\debug\asset.obj
c:\projects\ait.materials\basic_game_engine_programming\projects\tutorial_3\game\x64\debug\animated_texture.obj
c:\projects\ait.materials\basic_game_engine_programming\projects\tutorial_3\game\x64\debug\dino.obj
c:\projects\ait.materials\basic_game_engine_programming\projects\tutorial_3\game\x64\debug\game_object.obj
c:\projects\ait.materials\basic_game_engine_programming\projects\tutorial_3\game\x64\debug\walking_dino.obj
c:\projects\ait.materials\basic_game_engine_programming\projects\tutorial_3\game\x64\debug\scene.obj
c:\projects\ait.materials\basic_game_engine_programming\projects\tutorial_3\game\x64\debug\game_scene.obj
c:\projects\ait.materials\basic_game_engine_programming\projects\tutorial_4\game\x64\debug\vc142.pdb
c:\projects\ait.materials\basic_game_engine_programming\projects\tutorial_4\game\x64\debug\vc142.idb
c:\projects\ait.materials\basic_game_engine_programming\projects\tutorial_4\game\x64\debug\walking_dino.obj
c:\projects\ait.materials\basic_game_engine_programming\projects\tutorial_4\game\x64\debug\texture.obj
c:\projects\ait.materials\basic_game_engine_programming\projects\tutorial_4\game\x64\debug\scene.obj
c:\projects\ait.materials\basic_game_engine_programming\projects\tutorial_4\game\x64\debug\main.obj
c:\projects\ait.materials\basic_game_engine_programming\projects\tutorial_4\game\x64\debug\input.obj
c:\projects\ait.materials\basic_game_engine_programming\projects\tutorial_4\game\x64\debug\game_scene.obj
c:\projects\ait.materials\basic_game_engine_programming\projects\tutorial_4\game\x64\debug\game_object.obj
c:\projects\ait.materials\basic_game_engine_programming\projects\tutorial_4\game\x64\debug\engine.obj
c:\projects\ait.materials\basic_game_engine_programming\projects\tutorial_4\game\x64\debug\dino.obj
c:\projects\ait.materials\basic_game_engine_programming\projects\tutorial_4\game\x64\debug\assets.obj
c:\projects\ait.materials\basic_game_engine_programming\projects\tutorial_4\game\x64\debug\asset.obj
c:\projects\ait.materials\basic_game_engine_programming\projects\tutorial_4\game\x64\debug\animated_texture.obj
c:\projects\ait.materials\basic_game_engine_programming\projects\tutorial_4\game\x64\debug\player.obj
c:\projects\ait.materials\basic_game_engine_programming\projects\tutorial_4\game\x64\debug\vector_2d.obj
c:\projects\ait.materials\basic_game_engine_programming\projects\tutorial_6\game\x64\debug\vc142.pdb
c:\projects\ait.materials\basic_game_engine_programming\projects\tutorial_6\game\x64\debug\vc142.idb
c:\projects\ait.materials\basic_game_engine_programming\projects\tutorial_6\game\x64\debug\walking_dino.obj
c:\projects\ait.materials\basic_game_engine_programming\projects\tutorial_6\game\x64\debug\vector_2d.obj
c:\projects\ait.materials\basic_game_engine_programming\projects\tutorial_6\game\x64\debug\texture.obj
c:\projects\ait.materials\basic_game_engine_programming\projects\tutorial_6\game\x64\debug\scene.obj
c:\projects\ait.materials\basic_game_engine_programming\projects\tutorial_6\game\x64\debug\player.obj
c:\projects\ait.materials\basic_game_engine_programming\projects\tutorial_6\game\x64\debug\main.obj
c:\projects\ait.materials\basic_game_engine_programming\projects\tutorial_6\game\x64\debug\input.obj
c:\projects\ait.materials\basic_game_engine_programming\projects\tutorial_6\game\x64\debug\game_scene.obj
c:\projects\ait.materials\basic_game_engine_programming\projects\tutorial_6\game\x64\debug\game_object.obj
c:\projects\ait.materials\basic_game_engine_programming\projects\tutorial_6\game\x64\debug\engine.obj
c:\projects\ait.materials\basic_game_engine_programming\projects\tutorial_6\game\x64\debug\dino.obj
c:\projects\ait.materials\basic_game_engine_programming\projects\tutorial_6\game\x64\debug\assets.obj
c:\projects\ait.materials\basic_game_engine_programming\projects\tutorial_6\game\x64\debug\asset.obj
c:\projects\ait.materials\basic_game_engine_programming\projects\tutorial_6\game\x64\debug\animated_texture.obj
c:\projects\ait.materials\basic_game_engine_programming\projects\tutorial_6\game\x64\debug\editor.obj
c:\projects\ait.materials\basic_game_engine_programming\projects\tutorial_2\game\x64\debug\game.ilk
c:\projects\ait.materials\basic_game_engine_programming\projects\tutorial_2\game\x64\debug\game.exe
c:\projects\ait.materials\basic_game_engine_programming\projects\tutorial_2\game\x64\debug\game.pdb
c:\projects\ait.materials\basic_game_engine_programming\projects\tutorial_3\game\x64\debug\game.exe
c:\projects\ait.materials\basic_game_engine_programming\projects\tutorial_3\game\x64\debug\game.ilk
c:\projects\ait.materials\basic_game_engine_programming\projects\tutorial_3\game\x64\debug\game.pdb
c:\projects\ait.materials\basic_game_engine_programming\projects\tutorial_4\game\x64\debug\game.exe
c:\projects\ait.materials\basic_game_engine_programming\projects\tutorial_4\game\x64\debug\game.ilk
c:\projects\ait.materials\basic_game_engine_programming\projects\tutorial_4\game\x64\debug\game.pdb
c:\projects\ait.materials\basic_game_engine_programming\projects\tutorial_6\game\x64\debug\game.exe
c:\projects\ait.materials\basic_game_engine_programming\projects\tutorial_6\game\x64\debug\game.ilk
c:\projects\ait.materials\basic_game_engine_programming\projects\tutorial_6\game\x64\debug\game.pdb
c:\projects\ait.materials\basic_game_engine_programming\projects\tutorial_6\game\x64\debug\game.res
c:\projects\ait.materials\basic_game_engine_programming\projects\tutorial_6\game\x64\debug\game.tlog\cl.command.1.tlog
c:\projects\ait.materials\basic_game_engine_programming\projects\tutorial_6\game\x64\debug\game.tlog\cl.read.1.tlog
c:\projects\ait.materials\basic_game_engine_programming\projects\tutorial_6\game\x64\debug\game.tlog\cl.write.1.tlog
c:\projects\ait.materials\basic_game_engine_programming\projects\tutorial_6\game\x64\debug\game.tlog\link.command.1.tlog
c:\projects\ait.materials\basic_game_engine_programming\projects\tutorial_6\game\x64\debug\game.tlog\link.read.1.tlog
c:\projects\ait.materials\basic_game_engine_programming\projects\tutorial_6\game\x64\debug\game.tlog\link.write.1.tlog
c:\projects\ait.materials\basic_game_engine_programming\projects\tutorial_6\game\x64\debug\game.tlog\rc.command.1.tlog
c:\projects\ait.materials\basic_game_engine_programming\projects\tutorial_6\game\x64\debug\game.tlog\rc.read.1.tlog
c:\projects\ait.materials\basic_game_engine_programming\projects\tutorial_6\game\x64\debug\game.tlog\rc.write.1.tlog
